
> vibe-generated-app@1.0.0 dev
> vite


  VITE v5.4.20  ready in 216 ms

  ➜  Local:   http://localhost:3000/
  ➜  Network: http://172.20.51.30:3000/
3:12:20 PM [vite] Pre-transform error: [postcss] /home/workspace/src/index.css:42:20: The `hover:bg-[var(--ink)]/5` class does not exist. If `hover:bg-[var(--ink)]/5` is a custom class, make sure it is defined within a `@layer` directive.
3:12:21 PM [vite] Internal server error: [postcss] /home/workspace/src/index.css:42:20: The `hover:bg-[var(--ink)]/5` class does not exist. If `hover:bg-[var(--ink)]/5` is a custom class, make sure it is defined within a `@layer` directive.
  Plugin: vite:css
  File: /home/workspace/src/index.css:42:19
  40 |  @layer components {
  41 |    .btn-primary { @apply inline-flex items-center justify-center rounded-full px-6 py-3 bg-[var(--ink)] text-[var(--surface)] hover:opacity-90 transition; }
  42 |    .btn-secondary { @apply inline-flex items-center justify-center rounded-full px-6 py-3 border border-[var(--line)] hover:bg-[var(--ink)]/5 transition; }
     |                     ^
  43 |    .input { @apply rounded-xl border border-[var(--line)] px-4 py-3 bg-[var(--surface)] focus:outline-none focus:ring-2 focus:ring-[var(--accent)]/40; }
  44 |  }
      at Input.error (/home/workspace/node_modules/postcss/lib/input.js:135:16)
      at AtRule.error (/home/workspace/node_modules/postcss/lib/node.js:146:32)
      at processApply (/home/workspace/node_modules/tailwindcss/lib/lib/expandApplyAtRules.js:380:29)
      at /home/workspace/node_modules/tailwindcss/lib/lib/expandApplyAtRules.js:551:9
      at /home/workspace/node_modules/tailwindcss/lib/processTailwindFeatures.js:55:50
      at async plugins (/home/workspace/node_modules/tailwindcss/lib/plugin.js:38:17)
      at async LazyResult.runAsync (/home/workspace/node_modules/postcss/lib/lazy-result.js:293:11)
      at async compileCSS (file:///home/workspace/node_modules/vite/dist/node/chunks/dep-D_zLpgQd.js:36898:21)
      at async TransformPluginContext.transform (file:///home/workspace/node_modules/vite/dist/node/chunks/dep-D_zLpgQd.js:36171:11)
      at async PluginContainer.transform (file:///home/workspace/node_modules/vite/dist/node/chunks/dep-D_zLpgQd.js:49099:18)
3:12:51 PM [vite] Internal server error: [postcss] /home/workspace/src/index.css:42:20: The `hover:bg-[var(--ink)]/5` class does not exist. If `hover:bg-[var(--ink)]/5` is a custom class, make sure it is defined within a `@layer` directive.
  Plugin: vite:css
  File: /home/workspace/src/index.css:42:19
  40 |  @layer components {
  41 |    .btn-primary { @apply inline-flex items-center justify-center rounded-full px-6 py-3 bg-[var(--ink)] text-[var(--surface)] hover:opacity-90 transition; }
  42 |    .btn-secondary { @apply inline-flex items-center justify-center rounded-full px-6 py-3 border border-[var(--line)] hover:bg-[var(--ink)]/5 transition; }
     |                     ^
  43 |    .input { @apply rounded-xl border border-[var(--line)] px-4 py-3 bg-[var(--surface)] focus:outline-none focus:ring-2 focus:ring-[var(--accent)]/40; }
  44 |  }
      at Input.error (/home/workspace/node_modules/postcss/lib/input.js:135:16)
      at AtRule.error (/home/workspace/node_modules/postcss/lib/node.js:146:32)
      at processApply (/home/workspace/node_modules/tailwindcss/lib/lib/expandApplyAtRules.js:380:29)
      at /home/workspace/node_modules/tailwindcss/lib/lib/expandApplyAtRules.js:551:9
      at /home/workspace/node_modules/tailwindcss/lib/processTailwindFeatures.js:55:50
      at async plugins (/home/workspace/node_modules/tailwindcss/lib/plugin.js:38:17)
      at async LazyResult.runAsync (/home/workspace/node_modules/postcss/lib/lazy-result.js:293:11)
      at async compileCSS (file:///home/workspace/node_modules/vite/dist/node/chunks/dep-D_zLpgQd.js:36898:21)
      at async TransformPluginContext.transform (file:///home/workspace/node_modules/vite/dist/node/chunks/dep-D_zLpgQd.js:36171:11)
      at async PluginContainer.transform (file:///home/workspace/node_modules/vite/dist/node/chunks/dep-D_zLpgQd.js:49099:18)
